<?xml version="1.0" encoding="UTF-8" ?>
<testsuites>
  <testsuite errors="0" failures="1" hostname="MEU-PC" id="0" name="new book entry" package="" tests="1" time="0.28" timestamp="2016-06-04T17:54:13">
      <properties />

      <testcase classname="grails.plugin.cucumber.CucumberTest" name="new book" time="0.151">
          <failure message="No such property: Data for class: cucumber.runtime.groovy.GroovyWorld" type="grails.plugin.cucumber.FakeAssertionFailedError">groovy.lang.MissingPropertyException: No such property: Data for class: cucumber.runtime.groovy.GroovyWorld
	at cucumber.runtime.groovy.GroovyWorld.findWorldWithProperty(GroovyWorld.java:47)
	at cucumber.runtime.groovy.GroovyWorld.getProperty(GroovyWorld.java:30)
	at env$_run_closure1.doCall(env.groovy:7)
	at cucumber.runtime.groovy.GroovyBackend.invoke(GroovyBackend.java:155)
	at cucumber.runtime.groovy.GroovyHookDefinition$1.call(GroovyHookDefinition.java:46)
	at cucumber.runtime.Timeout.timeout(Timeout.java:13)
	at cucumber.runtime.groovy.GroovyHookDefinition.execute(GroovyHookDefinition.java:43)
	at cucumber.runtime.Runtime.runHookIfTagsMatch(Runtime.java:223)
	at cucumber.runtime.Runtime.runHooks(Runtime.java:211)
	at cucumber.runtime.Runtime.runBeforeHooks(Runtime.java:201)
	at cucumber.runtime.model.CucumberScenario.run(CucumberScenario.java:40)
	at cucumber.runtime.model.CucumberFeature.run(CucumberFeature.java:165)
	at grails.plugin.cucumber.Cucumber$_run_closure2.doCall(Cucumber.groovy:59)
	at grails.plugin.cucumber.Cucumber.run(Cucumber.groovy:58)
	at grails.plugin.cucumber.CucumberTestType.runFeatures(CucumberTestType.groovy:153)
	at grails.plugin.cucumber.CucumberTestType.doRun(CucumberTestType.groovy:57)
</failure>

      </testcase>

      <system-out><![CDATA[Feature: new book entry
    As a book owner
    I want to add books I own to the book tracker
    so that I do not have to remember them by myself
Failure in before hook:env.groovy:6
Message: groovy.lang.MissingPropertyException: No such property: Data for class: cucumber.runtime.groovy.GroovyWorld
	at cucumber.runtime.groovy.GroovyWorld.findWorldWithProperty(GroovyWorld.java:47)
	at cucumber.runtime.groovy.GroovyWorld.getProperty(GroovyWorld.java:30)
	at org.codehaus.groovy.runtime.InvokerHelper.getProperty(InvokerHelper.java:168)
	at groovy.lang.Closure.getPropertyTryThese(Closure.java:321)
	at groovy.lang.Closure.getPropertyDelegateFirst(Closure.java:311)
	at groovy.lang.Closure.getProperty(Closure.java:296)
	at org.codehaus.groovy.runtime.callsite.PogoGetPropertySite.getProperty(PogoGetPropertySite.java:47)
	at org.codehaus.groovy.runtime.callsite.AbstractCallSite.callGroovyObjectGetProperty(AbstractCallSite.java:231)
	at env$_run_closure1.doCall(env.groovy:7)
	at sun.reflect.NativeMethodAccessorImpl.invoke0(Native Method)
	at sun.reflect.NativeMethodAccessorImpl.invoke(NativeMethodAccessorImpl.java:39)
	at sun.reflect.DelegatingMethodAccessorImpl.invoke(DelegatingMethodAccessorImpl.java:25)
	at java.lang.reflect.Method.invoke(Method.java:597)
	at org.springsource.loaded.ri.ReflectiveInterceptor.jlrMethodInvoke(ReflectiveInterceptor.java:1270)
	at org.codehaus.groovy.reflection.CachedMethod.invoke(CachedMethod.java:90)
	at groovy.lang.MetaMethod.doMethodInvoke(MetaMethod.java:324)
	at groovy.lang.MetaClassImpl.invokeMethod(MetaClassImpl.java:1207)
	at groovy.lang.ExpandoMetaClass.invokeMethod(ExpandoMetaClass.java:1110)
	at groovy.lang.MetaClassImpl.invokeMethod(MetaClassImpl.java:1016)
	at groovy.lang.Closure.call(Closure.java:423)
	at cucumber.runtime.groovy.GroovyBackend.invoke(GroovyBackend.java:155)
	at cucumber.runtime.groovy.GroovyHookDefinition$1.call(GroovyHookDefinition.java:46)
	at cucumber.runtime.Timeout.timeout(Timeout.java:13)
	at cucumber.runtime.groovy.GroovyHookDefinition.execute(GroovyHookDefinition.java:43)
	at cucumber.runtime.Runtime.runHookIfTagsMatch(Runtime.java:223)
	at cucumber.runtime.Runtime.runHooks(Runtime.java:211)
	at cucumber.runtime.Runtime.runBeforeHooks(Runtime.java:201)
	at cucumber.runtime.model.CucumberScenario.run(CucumberScenario.java:40)
	at cucumber.runtime.model.CucumberFeature.run(CucumberFeature.java:165)
	at cucumber.runtime.model.CucumberFeature$run$0.call(Unknown Source)
	at org.codehaus.groovy.runtime.callsite.CallSiteArray.defaultCall(CallSiteArray.java:45)
	at org.codehaus.groovy.runtime.callsite.AbstractCallSite.call(AbstractCallSite.java:108)
	at org.codehaus.groovy.runtime.callsite.AbstractCallSite.call(AbstractCallSite.java:124)
	at grails.plugin.cucumber.Cucumber$_run_closure2.doCall(Cucumber.groovy:59)
	at sun.reflect.NativeMethodAccessorImpl.invoke0(Native Method)
	at sun.reflect.NativeMethodAccessorImpl.invoke(NativeMethodAccessorImpl.java:39)
	at sun.reflect.DelegatingMethodAccessorImpl.invoke(DelegatingMethodAccessorImpl.java:25)
	at java.lang.reflect.Method.invoke(Method.java:597)
	at org.springsource.loaded.ri.ReflectiveInterceptor.jlrMethodInvoke(ReflectiveInterceptor.java:1270)
	at org.codehaus.groovy.reflection.CachedMethod.invoke(CachedMethod.java:90)
	at groovy.lang.MetaMethod.doMethodInvoke(MetaMethod.java:324)
	at groovy.lang.MetaClassImpl.invokeMethod(MetaClassImpl.java:1207)
	at groovy.lang.ExpandoMetaClass.invokeMethod(ExpandoMetaClass.java:1110)
	at groovy.lang.MetaClassImpl.invokeMethod(MetaClassImpl.java:1016)
	at groovy.lang.Closure.call(Closure.java:423)
	at groovy.lang.Closure.call(Closure.java:439)
	at org.codehaus.groovy.runtime.DefaultGroovyMethods.each(DefaultGroovyMethods.java:1379)
	at org.codehaus.groovy.runtime.DefaultGroovyMethods.each(DefaultGroovyMethods.java:1372)
	at org.codehaus.groovy.runtime.dgm$149.invoke(Unknown Source)
	at org.codehaus.groovy.runtime.callsite.PojoMetaMethodSite$PojoMetaMethodSiteNoUnwrapNoCoerce.invoke(PojoMetaMethodSite.java:271)
	at org.codehaus.groovy.runtime.callsite.PojoMetaMethodSite.call(PojoMetaMethodSite.java:53)
	at org.codehaus.groovy.runtime.callsite.CallSiteArray.defaultCall(CallSiteArray.java:45)
	at org.codehaus.groovy.runtime.callsite.AbstractCallSite.call(AbstractCallSite.java:108)
	at org.codehaus.groovy.runtime.callsite.AbstractCallSite.call(AbstractCallSite.java:116)
	at grails.plugin.cucumber.Cucumber.run(Cucumber.groovy:58)
	at grails.plugin.cucumber.Cucumber$run$1.call(Unknown Source)
	at org.codehaus.groovy.runtime.callsite.CallSiteArray.defaultCall(CallSiteArray.java:45)
	at org.codehaus.groovy.runtime.callsite.AbstractCallSite.call(AbstractCallSite.java:108)
	at org.codehaus.groovy.runtime.callsite.AbstractCallSite.call(AbstractCallSite.java:116)
	at grails.plugin.cucumber.CucumberTestType.runFeatures(CucumberTestType.groovy:153)
	at grails.plugin.cucumber.CucumberTestType.this$3$runFeatures(CucumberTestType.groovy)
	at grails.plugin.cucumber.CucumberTestType$this$3$runFeatures$9.callCurrent(Unknown Source)
	at org.codehaus.groovy.runtime.callsite.CallSiteArray.defaultCallCurrent(CallSiteArray.java:49)
	at org.codehaus.groovy.runtime.callsite.AbstractCallSite.callCurrent(AbstractCallSite.java:133)
	at org.codehaus.groovy.runtime.callsite.AbstractCallSite.callCurrent(AbstractCallSite.java:141)
	at grails.plugin.cucumber.CucumberTestType.doRun(CucumberTestType.groovy:57)
	at org.codehaus.groovy.grails.test.support.GrailsTestTypeSupport.run(GrailsTestTypeSupport.groovy:121)
	at org.codehaus.groovy.grails.test.runner.GrailsProjectTestRunner.runTests(GrailsProjectTestRunner.groovy:415)
	at org.codehaus.groovy.grails.test.runner.GrailsProjectTestRunner.processTests(GrailsProjectTestRunner.groovy:395)
	at sun.reflect.NativeMethodAccessorImpl.invoke0(Native Method)
	at sun.reflect.NativeMethodAccessorImpl.invoke(NativeMethodAccessorImpl.java:39)
	at sun.reflect.DelegatingMethodAccessorImpl.invoke(DelegatingMethodAccessorImpl.java:25)
	at java.lang.reflect.Method.invoke(Method.java:597)
	at org.springsource.loaded.ri.ReflectiveInterceptor.jlrMethodInvoke(ReflectiveInterceptor.java:1270)
	at org.codehaus.groovy.reflection.CachedMethod.invoke(CachedMethod.java:90)
	at groovy.lang.MetaMethod.doMethodInvoke(MetaMethod.java:324)
	at groovy.lang.MetaClassImpl.invokeMethod(MetaClassImpl.java:1207)
	at groovy.lang.ExpandoMetaClass.invokeMethod(ExpandoMetaClass.java:1110)
	at groovy.lang.MetaClassImpl.invokeMethod(MetaClassImpl.java:1016)
	at groovy.lang.MetaClassImpl.invokeMethod(MetaClassImpl.java:1152)
	at groovy.lang.ExpandoMetaClass.invokeMethod(ExpandoMetaClass.java:1110)
	at groovy.lang.MetaClassImpl.invokeMethod(MetaClassImpl.java:1016)
	at org.codehaus.groovy.runtime.callsite.PogoMetaClassSite.callCurrent(PogoMetaClassSite.java:66)
	at org.codehaus.groovy.runtime.callsite.CallSiteArray.defaultCallCurrent(CallSiteArray.java:49)
	at org.codehaus.groovy.runtime.callsite.AbstractCallSite.callCurrent(AbstractCallSite.java:133)
	at org.codehaus.groovy.runtime.callsite.AbstractCallSite.callCurrent(AbstractCallSite.java:141)
	at org.codehaus.groovy.grails.test.runner.GrailsProjectTestRunner$_runAllTests_closure7.doCall(GrailsProjectTestRunner.groovy:313)
	at sun.reflect.NativeMethodAccessorImpl.invoke0(Native Method)
	at sun.reflect.NativeMethodAccessorImpl.invoke(NativeMethodAccessorImpl.java:39)
	at sun.reflect.DelegatingMethodAccessorImpl.invoke(DelegatingMethodAccessorImpl.java:25)
	at java.lang.reflect.Method.invoke(Method.java:597)
	at org.springsource.loaded.ri.ReflectiveInterceptor.jlrMethodInvoke(ReflectiveInterceptor.java:1270)
	at org.codehaus.groovy.reflection.CachedMethod.invoke(CachedMethod.java:90)
	at groovy.lang.MetaMethod.doMethodInvoke(MetaMethod.java:324)
	at groovy.lang.MetaClassImpl.invokeMethod(MetaClassImpl.java:1207)
	at groovy.lang.ExpandoMetaClass.invokeMethod(ExpandoMetaClass.java:1110)
	at groovy.lang.MetaClassImpl.invokeMethod(MetaClassImpl.java:1016)
	at groovy.lang.Closure.call(Closure.java:423)
	at org.codehaus.groovy.runtime.DefaultGroovyMethods.callClosureForMapEntry(DefaultGroovyMethods.java:4271)
	at org.codehaus.groovy.runtime.DefaultGroovyMethods.each(DefaultGroovyMethods.java:1408)
	at org.codehaus.groovy.runtime.dgm$151.invoke(Unknown Source)
	at org.codehaus.groovy.runtime.callsite.PojoMetaMethodSite$PojoMetaMethodSiteNoUnwrapNoCoerce.invoke(PojoMetaMethodSite.java:271)
	at org.codehaus.groovy.runtime.callsite.PojoMetaMethodSite.call(PojoMetaMethodSite.java:53)
	at org.codehaus.groovy.runtime.callsite.CallSiteArray.defaultCall(CallSiteArray.java:45)
	at org.codehaus.groovy.runtime.callsite.AbstractCallSite.call(AbstractCallSite.java:108)
	at org.codehaus.groovy.runtime.callsite.AbstractCallSite.call(AbstractCallSite.java:116)
	at org.codehaus.groovy.grails.test.runner.GrailsProjectTestRunner.runAllTests(GrailsProjectTestRunner.groovy:299)
	at org.codehaus.groovy.grails.test.runner.GrailsProjectTestRunner.runAllTests(GrailsProjectTestRunner.groovy:214)
	at org.codehaus.groovy.grails.test.runner.GrailsProjectTestRunner.runAllTests(GrailsProjectTestRunner.groovy)
	at org.codehaus.groovy.grails.test.runner.GrailsProjectTestRunner$runAllTests$0.call(Unknown Source)
	at org.codehaus.groovy.runtime.callsite.CallSiteArray.defaultCall(CallSiteArray.java:45)
	at org.codehaus.groovy.runtime.callsite.AbstractCallSite.call(AbstractCallSite.java:108)
	at org.codehaus.groovy.runtime.callsite.AbstractCallSite.call(AbstractCallSite.java:116)
	at org.codehaus.groovy.grails.cli.fork.testing.ForkedGrailsTestRunner.runInstance(ForkedGrailsTestRunner.groovy:128)
	at org.codehaus.groovy.grails.cli.fork.ForkedGrailsProjectClassExecutor.run(ForkedGrailsProjectClassExecutor.groovy:74)
	at org.codehaus.groovy.grails.cli.fork.testing.ForkedGrailsTestRunner.main(ForkedGrailsTestRunner.groovy:75)

      groovy.lang.MissingPropertyException: No such property: Data for class: cucumber.runtime.groovy.GroovyWorld
      	at cucumber.runtime.groovy.GroovyWorld.findWorldWithProperty(GroovyWorld.java:47)
      	at cucumber.runtime.groovy.GroovyWorld.getProperty(GroovyWorld.java:30)
      	at org.codehaus.groovy.runtime.InvokerHelper.getProperty(InvokerHelper.java:168)
      	at groovy.lang.Closure.getPropertyTryThese(Closure.java:321)
      	at groovy.lang.Closure.getPropertyDelegateFirst(Closure.java:311)
      	at groovy.lang.Closure.getProperty(Closure.java:296)
      	at org.codehaus.groovy.runtime.callsite.PogoGetPropertySite.getProperty(PogoGetPropertySite.java:47)
      	at org.codehaus.groovy.runtime.callsite.AbstractCallSite.callGroovyObjectGetProperty(AbstractCallSite.java:231)
      	at env$_run_closure1.doCall(env.groovy:7)
      	at sun.reflect.NativeMethodAccessorImpl.invoke0(Native Method)
      	at sun.reflect.NativeMethodAccessorImpl.invoke(NativeMethodAccessorImpl.java:39)
      	at sun.reflect.DelegatingMethodAccessorImpl.invoke(DelegatingMethodAccessorImpl.java:25)
      	at java.lang.reflect.Method.invoke(Method.java:597)
      	at org.springsource.loaded.ri.ReflectiveInterceptor.jlrMethodInvoke(ReflectiveInterceptor.java:1270)
      	at org.codehaus.groovy.reflection.CachedMethod.invoke(CachedMethod.java:90)
      	at groovy.lang.MetaMethod.doMethodInvoke(MetaMethod.java:324)
      	at groovy.lang.MetaClassImpl.invokeMethod(MetaClassImpl.java:1207)
      	at groovy.lang.ExpandoMetaClass.invokeMethod(ExpandoMetaClass.java:1110)
      	at groovy.lang.MetaClassImpl.invokeMethod(MetaClassImpl.java:1016)
      	at groovy.lang.Closure.call(Closure.java:423)
      	at cucumber.runtime.groovy.GroovyBackend.invoke(GroovyBackend.java:155)
      	at cucumber.runtime.groovy.GroovyHookDefinition$1.call(GroovyHookDefinition.java:46)
      	at cucumber.runtime.Timeout.timeout(Timeout.java:13)
      	at cucumber.runtime.groovy.GroovyHookDefinition.execute(GroovyHookDefinition.java:43)
      	at cucumber.runtime.Runtime.runHookIfTagsMatch(Runtime.java:223)
      	at cucumber.runtime.Runtime.runHooks(Runtime.java:211)
      	at cucumber.runtime.Runtime.runBeforeHooks(Runtime.java:201)
      	at cucumber.runtime.model.CucumberScenario.run(CucumberScenario.java:40)
      	at cucumber.runtime.model.CucumberFeature.run(CucumberFeature.java:165)
      	at cucumber.runtime.model.CucumberFeature$run$0.call(Unknown Source)
      	at org.codehaus.groovy.runtime.callsite.CallSiteArray.defaultCall(CallSiteArray.java:45)
      	at org.codehaus.groovy.runtime.callsite.AbstractCallSite.call(AbstractCallSite.java:108)
      	at org.codehaus.groovy.runtime.callsite.AbstractCallSite.call(AbstractCallSite.java:124)
      	at grails.plugin.cucumber.Cucumber$_run_closure2.doCall(Cucumber.groovy:59)
      	at sun.reflect.NativeMethodAccessorImpl.invoke0(Native Method)
      	at sun.reflect.NativeMethodAccessorImpl.invoke(NativeMethodAccessorImpl.java:39)
      	at sun.reflect.DelegatingMethodAccessorImpl.invoke(DelegatingMethodAccessorImpl.java:25)
      	at java.lang.reflect.Method.invoke(Method.java:597)
      	at org.springsource.loaded.ri.ReflectiveInterceptor.jlrMethodInvoke(ReflectiveInterceptor.java:1270)
      	at org.codehaus.groovy.reflection.CachedMethod.invoke(CachedMethod.java:90)
      	at groovy.lang.MetaMethod.doMethodInvoke(MetaMethod.java:324)
      	at groovy.lang.MetaClassImpl.invokeMethod(MetaClassImpl.java:1207)
      	at groovy.lang.ExpandoMetaClass.invokeMethod(ExpandoMetaClass.java:1110)
      	at groovy.lang.MetaClassImpl.invokeMethod(MetaClassImpl.java:1016)
      	at groovy.lang.Closure.call(Closure.java:423)
      	at groovy.lang.Closure.call(Closure.java:439)
      	at org.codehaus.groovy.runtime.DefaultGroovyMethods.each(DefaultGroovyMethods.java:1379)
      	at org.codehaus.groovy.runtime.DefaultGroovyMethods.each(DefaultGroovyMethods.java:1372)
      	at org.codehaus.groovy.runtime.dgm$149.invoke(Unknown Source)
      	at org.codehaus.groovy.runtime.callsite.PojoMetaMethodSite$PojoMetaMethodSiteNoUnwrapNoCoerce.invoke(PojoMetaMethodSite.java:271)
      	at org.codehaus.groovy.runtime.callsite.PojoMetaMethodSite.call(PojoMetaMethodSite.java:53)
      	at org.codehaus.groovy.runtime.callsite.CallSiteArray.defaultCall(CallSiteArray.java:45)
      	at org.codehaus.groovy.runtime.callsite.AbstractCallSite.call(AbstractCallSite.java:108)
      	at org.codehaus.groovy.runtime.callsite.AbstractCallSite.call(AbstractCallSite.java:116)
      	at grails.plugin.cucumber.Cucumber.run(Cucumber.groovy:58)
      	at grails.plugin.cucumber.Cucumber$run$1.call(Unknown Source)
      	at org.codehaus.groovy.runtime.callsite.CallSiteArray.defaultCall(CallSiteArray.java:45)
      	at org.codehaus.groovy.runtime.callsite.AbstractCallSite.call(AbstractCallSite.java:108)
      	at org.codehaus.groovy.runtime.callsite.AbstractCallSite.call(AbstractCallSite.java:116)
      	at grails.plugin.cucumber.CucumberTestType.runFeatures(CucumberTestType.groovy:153)
      	at grails.plugin.cucumber.CucumberTestType.this$3$runFeatures(CucumberTestType.groovy)
      	at grails.plugin.cucumber.CucumberTestType$this$3$runFeatures$9.callCurrent(Unknown Source)
      	at org.codehaus.groovy.runtime.callsite.CallSiteArray.defaultCallCurrent(CallSiteArray.java:49)
      	at org.codehaus.groovy.runtime.callsite.AbstractCallSite.callCurrent(AbstractCallSite.java:133)
      	at org.codehaus.groovy.runtime.callsite.AbstractCallSite.callCurrent(AbstractCallSite.java:141)
      	at grails.plugin.cucumber.CucumberTestType.doRun(CucumberTestType.groovy:57)
      	at org.codehaus.groovy.grails.test.support.GrailsTestTypeSupport.run(GrailsTestTypeSupport.groovy:121)
      	at org.codehaus.groovy.grails.test.runner.GrailsProjectTestRunner.runTests(GrailsProjectTestRunner.groovy:415)
      	at org.codehaus.groovy.grails.test.runner.GrailsProjectTestRunner.processTests(GrailsProjectTestRunner.groovy:395)
      	at sun.reflect.NativeMethodAccessorImpl.invoke0(Native Method)
      	at sun.reflect.NativeMethodAccessorImpl.invoke(NativeMethodAccessorImpl.java:39)
      	at sun.reflect.DelegatingMethodAccessorImpl.invoke(DelegatingMethodAccessorImpl.java:25)
      	at java.lang.reflect.Method.invoke(Method.java:597)
      	at org.springsource.loaded.ri.ReflectiveInterceptor.jlrMethodInvoke(ReflectiveInterceptor.java:1270)
      	at org.codehaus.groovy.reflection.CachedMethod.invoke(CachedMethod.java:90)
      	at groovy.lang.MetaMethod.doMethodInvoke(MetaMethod.java:324)
      	at groovy.lang.MetaClassImpl.invokeMethod(MetaClassImpl.java:1207)
      	at groovy.lang.ExpandoMetaClass.invokeMethod(ExpandoMetaClass.java:1110)
      	at groovy.lang.MetaClassImpl.invokeMethod(MetaClassImpl.java:1016)
      	at groovy.lang.MetaClassImpl.invokeMethod(MetaClassImpl.java:1152)
      	at groovy.lang.ExpandoMetaClass.invokeMethod(ExpandoMetaClass.java:1110)
      	at groovy.lang.MetaClassImpl.invokeMethod(MetaClassImpl.java:1016)
      	at org.codehaus.groovy.runtime.callsite.PogoMetaClassSite.callCurrent(PogoMetaClassSite.java:66)
      	at org.codehaus.groovy.runtime.callsite.CallSiteArray.defaultCallCurrent(CallSiteArray.java:49)
      	at org.codehaus.groovy.runtime.callsite.AbstractCallSite.callCurrent(AbstractCallSite.java:133)
      	at org.codehaus.groovy.runtime.callsite.AbstractCallSite.callCurrent(AbstractCallSite.java:141)
      	at org.codehaus.groovy.grails.test.runner.GrailsProjectTestRunner$_runAllTests_closure7.doCall(GrailsProjectTestRunner.groovy:313)
      	at sun.reflect.NativeMethodAccessorImpl.invoke0(Native Method)
      	at sun.reflect.NativeMethodAccessorImpl.invoke(NativeMethodAccessorImpl.java:39)
      	at sun.reflect.DelegatingMethodAccessorImpl.invoke(DelegatingMethodAccessorImpl.java:25)
      	at java.lang.reflect.Method.invoke(Method.java:597)
      	at org.springsource.loaded.ri.ReflectiveInterceptor.jlrMethodInvoke(ReflectiveInterceptor.java:1270)
      	at org.codehaus.groovy.reflection.CachedMethod.invoke(CachedMethod.java:90)
      	at groovy.lang.MetaMethod.doMethodInvoke(MetaMethod.java:324)
      	at groovy.lang.MetaClassImpl.invokeMethod(MetaClassImpl.java:1207)
      	at groovy.lang.ExpandoMetaClass.invokeMethod(ExpandoMetaClass.java:1110)
      	at groovy.lang.MetaClassImpl.invokeMethod(MetaClassImpl.java:1016)
      	at groovy.lang.Closure.call(Closure.java:423)
      	at org.codehaus.groovy.runtime.DefaultGroovyMethods.callClosureForMapEntry(DefaultGroovyMethods.java:4271)
      	at org.codehaus.groovy.runtime.DefaultGroovyMethods.each(DefaultGroovyMethods.java:1408)
      	at org.codehaus.groovy.runtime.dgm$151.invoke(Unknown Source)
      	at org.codehaus.groovy.runtime.callsite.PojoMetaMethodSite$PojoMetaMethodSiteNoUnwrapNoCoerce.invoke(PojoMetaMethodSite.java:271)
      	at org.codehaus.groovy.runtime.callsite.PojoMetaMethodSite.call(PojoMetaMethodSite.java:53)
      	at org.codehaus.groovy.runtime.callsite.CallSiteArray.defaultCall(CallSiteArray.java:45)
      	at org.codehaus.groovy.runtime.callsite.AbstractCallSite.call(AbstractCallSite.java:108)
      	at org.codehaus.groovy.runtime.callsite.AbstractCallSite.call(AbstractCallSite.java:116)
      	at org.codehaus.groovy.grails.test.runner.GrailsProjectTestRunner.runAllTests(GrailsProjectTestRunner.groovy:299)
      	at org.codehaus.groovy.grails.test.runner.GrailsProjectTestRunner.runAllTests(GrailsProjectTestRunner.groovy:214)
      	at org.codehaus.groovy.grails.test.runner.GrailsProjectTestRunner.runAllTests(GrailsProjectTestRunner.groovy)
      	at org.codehaus.groovy.grails.test.runner.GrailsProjectTestRunner$runAllTests$0.call(Unknown Source)
      	at org.codehaus.groovy.runtime.callsite.CallSiteArray.defaultCall(CallSiteArray.java:45)
      	at org.codehaus.groovy.runtime.callsite.AbstractCallSite.call(AbstractCallSite.java:108)
      	at org.codehaus.groovy.runtime.callsite.AbstractCallSite.call(AbstractCallSite.java:116)
      	at org.codehaus.groovy.grails.cli.fork.testing.ForkedGrailsTestRunner.runInstance(ForkedGrailsTestRunner.groovy:128)
      	at org.codehaus.groovy.grails.cli.fork.ForkedGrailsProjectClassExecutor.run(ForkedGrailsProjectClassExecutor.groovy:74)
      	at org.codehaus.groovy.grails.cli.fork.testing.ForkedGrailsTestRunner.main(ForkedGrailsTestRunner.groovy:75)


--Output from new book--Failure in after hook:env.groovy:13
Message: groovy.lang.MissingPropertyException: No such property: bindingUpdater for class: cucumber.runtime.groovy.GroovyWorld
	at cucumber.runtime.groovy.GroovyWorld.findWorldWithProperty(GroovyWorld.java:47)
	at cucumber.runtime.groovy.GroovyWorld.getProperty(GroovyWorld.java:30)
	at org.codehaus.groovy.runtime.InvokerHelper.getProperty(InvokerHelper.java:168)
	at groovy.lang.Closure.getPropertyTryThese(Closure.java:321)
	at groovy.lang.Closure.getPropertyDelegateFirst(Closure.java:311)
	at groovy.lang.Closure.getProperty(Closure.java:296)
	at org.codehaus.groovy.runtime.callsite.PogoGetPropertySite.getProperty(PogoGetPropertySite.java:47)
	at org.codehaus.groovy.runtime.callsite.AbstractCallSite.callGroovyObjectGetProperty(AbstractCallSite.java:231)
	at env$_run_closure2.doCall(env.groovy:14)
	at sun.reflect.NativeMethodAccessorImpl.invoke0(Native Method)
	at sun.reflect.NativeMethodAccessorImpl.invoke(NativeMethodAccessorImpl.java:39)
	at sun.reflect.DelegatingMethodAccessorImpl.invoke(DelegatingMethodAccessorImpl.java:25)
	at java.lang.reflect.Method.invoke(Method.java:597)
	at org.springsource.loaded.ri.ReflectiveInterceptor.jlrMethodInvoke(ReflectiveInterceptor.java:1270)
	at org.codehaus.groovy.reflection.CachedMethod.invoke(CachedMethod.java:90)
	at groovy.lang.MetaMethod.doMethodInvoke(MetaMethod.java:324)
	at groovy.lang.MetaClassImpl.invokeMethod(MetaClassImpl.java:1207)
	at groovy.lang.ExpandoMetaClass.invokeMethod(ExpandoMetaClass.java:1110)
	at groovy.lang.MetaClassImpl.invokeMethod(MetaClassImpl.java:1016)
	at groovy.lang.Closure.call(Closure.java:423)
	at cucumber.runtime.groovy.GroovyBackend.invoke(GroovyBackend.java:155)
	at cucumber.runtime.groovy.GroovyHookDefinition$1.call(GroovyHookDefinition.java:46)
	at cucumber.runtime.Timeout.timeout(Timeout.java:13)
	at cucumber.runtime.groovy.GroovyHookDefinition.execute(GroovyHookDefinition.java:43)
	at cucumber.runtime.Runtime.runHookIfTagsMatch(Runtime.java:223)
	at cucumber.runtime.Runtime.runHooks(Runtime.java:211)
	at cucumber.runtime.Runtime.runAfterHooks(Runtime.java:205)
	at cucumber.runtime.model.CucumberScenario.run(CucumberScenario.java:46)
	at cucumber.runtime.model.CucumberFeature.run(CucumberFeature.java:165)
	at cucumber.runtime.model.CucumberFeature$run$0.call(Unknown Source)
	at org.codehaus.groovy.runtime.callsite.CallSiteArray.defaultCall(CallSiteArray.java:45)
	at org.codehaus.groovy.runtime.callsite.AbstractCallSite.call(AbstractCallSite.java:108)
	at org.codehaus.groovy.runtime.callsite.AbstractCallSite.call(AbstractCallSite.java:124)
	at grails.plugin.cucumber.Cucumber$_run_closure2.doCall(Cucumber.groovy:59)
	at sun.reflect.NativeMethodAccessorImpl.invoke0(Native Method)
	at sun.reflect.NativeMethodAccessorImpl.invoke(NativeMethodAccessorImpl.java:39)
	at sun.reflect.DelegatingMethodAccessorImpl.invoke(DelegatingMethodAccessorImpl.java:25)
	at java.lang.reflect.Method.invoke(Method.java:597)
	at org.springsource.loaded.ri.ReflectiveInterceptor.jlrMethodInvoke(ReflectiveInterceptor.java:1270)
	at org.codehaus.groovy.reflection.CachedMethod.invoke(CachedMethod.java:90)
	at groovy.lang.MetaMethod.doMethodInvoke(MetaMethod.java:324)
	at groovy.lang.MetaClassImpl.invokeMethod(MetaClassImpl.java:1207)
	at groovy.lang.ExpandoMetaClass.invokeMethod(ExpandoMetaClass.java:1110)
	at groovy.lang.MetaClassImpl.invokeMethod(MetaClassImpl.java:1016)
	at groovy.lang.Closure.call(Closure.java:423)
	at groovy.lang.Closure.call(Closure.java:439)
	at org.codehaus.groovy.runtime.DefaultGroovyMethods.each(DefaultGroovyMethods.java:1379)
	at org.codehaus.groovy.runtime.DefaultGroovyMethods.each(DefaultGroovyMethods.java:1372)
	at org.codehaus.groovy.runtime.dgm$149.invoke(Unknown Source)
	at org.codehaus.groovy.runtime.callsite.PojoMetaMethodSite$PojoMetaMethodSiteNoUnwrapNoCoerce.invoke(PojoMetaMethodSite.java:271)
	at org.codehaus.groovy.runtime.callsite.PojoMetaMethodSite.call(PojoMetaMethodSite.java:53)
	at org.codehaus.groovy.runtime.callsite.CallSiteArray.defaultCall(CallSiteArray.java:45)
	at org.codehaus.groovy.runtime.callsite.AbstractCallSite.call(AbstractCallSite.java:108)
	at org.codehaus.groovy.runtime.callsite.AbstractCallSite.call(AbstractCallSite.java:116)
	at grails.plugin.cucumber.Cucumber.run(Cucumber.groovy:58)
	at grails.plugin.cucumber.Cucumber$run$1.call(Unknown Source)
	at org.codehaus.groovy.runtime.callsite.CallSiteArray.defaultCall(CallSiteArray.java:45)
	at org.codehaus.groovy.runtime.callsite.AbstractCallSite.call(AbstractCallSite.java:108)
	at org.codehaus.groovy.runtime.callsite.AbstractCallSite.call(AbstractCallSite.java:116)
	at grails.plugin.cucumber.CucumberTestType.runFeatures(CucumberTestType.groovy:153)
	at grails.plugin.cucumber.CucumberTestType.this$3$runFeatures(CucumberTestType.groovy)
	at grails.plugin.cucumber.CucumberTestType$this$3$runFeatures$9.callCurrent(Unknown Source)
	at org.codehaus.groovy.runtime.callsite.CallSiteArray.defaultCallCurrent(CallSiteArray.java:49)
	at org.codehaus.groovy.runtime.callsite.AbstractCallSite.callCurrent(AbstractCallSite.java:133)
	at org.codehaus.groovy.runtime.callsite.AbstractCallSite.callCurrent(AbstractCallSite.java:141)
	at grails.plugin.cucumber.CucumberTestType.doRun(CucumberTestType.groovy:57)
	at org.codehaus.groovy.grails.test.support.GrailsTestTypeSupport.run(GrailsTestTypeSupport.groovy:121)
	at org.codehaus.groovy.grails.test.runner.GrailsProjectTestRunner.runTests(GrailsProjectTestRunner.groovy:415)
	at org.codehaus.groovy.grails.test.runner.GrailsProjectTestRunner.processTests(GrailsProjectTestRunner.groovy:395)
	at sun.reflect.NativeMethodAccessorImpl.invoke0(Native Method)
	at sun.reflect.NativeMethodAccessorImpl.invoke(NativeMethodAccessorImpl.java:39)
	at sun.reflect.DelegatingMethodAccessorImpl.invoke(DelegatingMethodAccessorImpl.java:25)
	at java.lang.reflect.Method.invoke(Method.java:597)
	at org.springsource.loaded.ri.ReflectiveInterceptor.jlrMethodInvoke(ReflectiveInterceptor.java:1270)
	at org.codehaus.groovy.reflection.CachedMethod.invoke(CachedMethod.java:90)
	at groovy.lang.MetaMethod.doMethodInvoke(MetaMethod.java:324)
	at groovy.lang.MetaClassImpl.invokeMethod(MetaClassImpl.java:1207)
	at groovy.lang.ExpandoMetaClass.invokeMethod(ExpandoMetaClass.java:1110)
	at groovy.lang.MetaClassImpl.invokeMethod(MetaClassImpl.java:1016)
	at groovy.lang.MetaClassImpl.invokeMethod(MetaClassImpl.java:1152)
	at groovy.lang.ExpandoMetaClass.invokeMethod(ExpandoMetaClass.java:1110)
	at groovy.lang.MetaClassImpl.invokeMethod(MetaClassImpl.java:1016)
	at org.codehaus.groovy.runtime.callsite.PogoMetaClassSite.callCurrent(PogoMetaClassSite.java:66)
	at org.codehaus.groovy.runtime.callsite.CallSiteArray.defaultCallCurrent(CallSiteArray.java:49)
	at org.codehaus.groovy.runtime.callsite.AbstractCallSite.callCurrent(AbstractCallSite.java:133)
	at org.codehaus.groovy.runtime.callsite.AbstractCallSite.callCurrent(AbstractCallSite.java:141)
	at org.codehaus.groovy.grails.test.runner.GrailsProjectTestRunner$_runAllTests_closure7.doCall(GrailsProjectTestRunner.groovy:313)
	at sun.reflect.NativeMethodAccessorImpl.invoke0(Native Method)
	at sun.reflect.NativeMethodAccessorImpl.invoke(NativeMethodAccessorImpl.java:39)
	at sun.reflect.DelegatingMethodAccessorImpl.invoke(DelegatingMethodAccessorImpl.java:25)
	at java.lang.reflect.Method.invoke(Method.java:597)
	at org.springsource.loaded.ri.ReflectiveInterceptor.jlrMethodInvoke(ReflectiveInterceptor.java:1270)
	at org.codehaus.groovy.reflection.CachedMethod.invoke(CachedMethod.java:90)
	at groovy.lang.MetaMethod.doMethodInvoke(MetaMethod.java:324)
	at groovy.lang.MetaClassImpl.invokeMethod(MetaClassImpl.java:1207)
	at groovy.lang.ExpandoMetaClass.invokeMethod(ExpandoMetaClass.java:1110)
	at groovy.lang.MetaClassImpl.invokeMethod(MetaClassImpl.java:1016)
	at groovy.lang.Closure.call(Closure.java:423)
	at org.codehaus.groovy.runtime.DefaultGroovyMethods.callClosureForMapEntry(DefaultGroovyMethods.java:4271)
	at org.codehaus.groovy.runtime.DefaultGroovyMethods.each(DefaultGroovyMethods.java:1408)
	at org.codehaus.groovy.runtime.dgm$151.invoke(Unknown Source)
	at org.codehaus.groovy.runtime.callsite.PojoMetaMethodSite$PojoMetaMethodSiteNoUnwrapNoCoerce.invoke(PojoMetaMethodSite.java:271)
	at org.codehaus.groovy.runtime.callsite.PojoMetaMethodSite.call(PojoMetaMethodSite.java:53)
	at org.codehaus.groovy.runtime.callsite.CallSiteArray.defaultCall(CallSiteArray.java:45)
	at org.codehaus.groovy.runtime.callsite.AbstractCallSite.call(AbstractCallSite.java:108)
	at org.codehaus.groovy.runtime.callsite.AbstractCallSite.call(AbstractCallSite.java:116)
	at org.codehaus.groovy.grails.test.runner.GrailsProjectTestRunner.runAllTests(GrailsProjectTestRunner.groovy:299)
	at org.codehaus.groovy.grails.test.runner.GrailsProjectTestRunner.runAllTests(GrailsProjectTestRunner.groovy:214)
	at org.codehaus.groovy.grails.test.runner.GrailsProjectTestRunner.runAllTests(GrailsProjectTestRunner.groovy)
	at org.codehaus.groovy.grails.test.runner.GrailsProjectTestRunner$runAllTests$0.call(Unknown Source)
	at org.codehaus.groovy.runtime.callsite.CallSiteArray.defaultCall(CallSiteArray.java:45)
	at org.codehaus.groovy.runtime.callsite.AbstractCallSite.call(AbstractCallSite.java:108)
	at org.codehaus.groovy.runtime.callsite.AbstractCallSite.call(AbstractCallSite.java:116)
	at org.codehaus.groovy.grails.cli.fork.testing.ForkedGrailsTestRunner.runInstance(ForkedGrailsTestRunner.groovy:128)
	at org.codehaus.groovy.grails.cli.fork.ForkedGrailsProjectClassExecutor.run(ForkedGrailsProjectClassExecutor.groovy:74)
	at org.codehaus.groovy.grails.cli.fork.testing.ForkedGrailsTestRunner.main(ForkedGrailsTestRunner.groovy:75)

      groovy.lang.MissingPropertyException: No such property: bindingUpdater for class: cucumber.runtime.groovy.GroovyWorld
      	at cucumber.runtime.groovy.GroovyWorld.findWorldWithProperty(GroovyWorld.java:47)
      	at cucumber.runtime.groovy.GroovyWorld.getProperty(GroovyWorld.java:30)
      	at org.codehaus.groovy.runtime.InvokerHelper.getProperty(InvokerHelper.java:168)
      	at groovy.lang.Closure.getPropertyTryThese(Closure.java:321)
      	at groovy.lang.Closure.getPropertyDelegateFirst(Closure.java:311)
      	at groovy.lang.Closure.getProperty(Closure.java:296)
      	at org.codehaus.groovy.runtime.callsite.PogoGetPropertySite.getProperty(PogoGetPropertySite.java:47)
      	at org.codehaus.groovy.runtime.callsite.AbstractCallSite.callGroovyObjectGetProperty(AbstractCallSite.java:231)
      	at env$_run_closure2.doCall(env.groovy:14)
      	at sun.reflect.NativeMethodAccessorImpl.invoke0(Native Method)
      	at sun.reflect.NativeMethodAccessorImpl.invoke(NativeMethodAccessorImpl.java:39)
      	at sun.reflect.DelegatingMethodAccessorImpl.invoke(DelegatingMethodAccessorImpl.java:25)
      	at java.lang.reflect.Method.invoke(Method.java:597)
      	at org.springsource.loaded.ri.ReflectiveInterceptor.jlrMethodInvoke(ReflectiveInterceptor.java:1270)
      	at org.codehaus.groovy.reflection.CachedMethod.invoke(CachedMethod.java:90)
      	at groovy.lang.MetaMethod.doMethodInvoke(MetaMethod.java:324)
      	at groovy.lang.MetaClassImpl.invokeMethod(MetaClassImpl.java:1207)
      	at groovy.lang.ExpandoMetaClass.invokeMethod(ExpandoMetaClass.java:1110)
      	at groovy.lang.MetaClassImpl.invokeMethod(MetaClassImpl.java:1016)
      	at groovy.lang.Closure.call(Closure.java:423)
      	at cucumber.runtime.groovy.GroovyBackend.invoke(GroovyBackend.java:155)
      	at cucumber.runtime.groovy.GroovyHookDefinition$1.call(GroovyHookDefinition.java:46)
      	at cucumber.runtime.Timeout.timeout(Timeout.java:13)
      	at cucumber.runtime.groovy.GroovyHookDefinition.execute(GroovyHookDefinition.java:43)
      	at cucumber.runtime.Runtime.runHookIfTagsMatch(Runtime.java:223)
      	at cucumber.runtime.Runtime.runHooks(Runtime.java:211)
      	at cucumber.runtime.Runtime.runAfterHooks(Runtime.java:205)
      	at cucumber.runtime.model.CucumberScenario.run(CucumberScenario.java:46)
      	at cucumber.runtime.model.CucumberFeature.run(CucumberFeature.java:165)
      	at cucumber.runtime.model.CucumberFeature$run$0.call(Unknown Source)
      	at org.codehaus.groovy.runtime.callsite.CallSiteArray.defaultCall(CallSiteArray.java:45)
      	at org.codehaus.groovy.runtime.callsite.AbstractCallSite.call(AbstractCallSite.java:108)
      	at org.codehaus.groovy.runtime.callsite.AbstractCallSite.call(AbstractCallSite.java:124)
      	at grails.plugin.cucumber.Cucumber$_run_closure2.doCall(Cucumber.groovy:59)
      	at sun.reflect.NativeMethodAccessorImpl.invoke0(Native Method)
      	at sun.reflect.NativeMethodAccessorImpl.invoke(NativeMethodAccessorImpl.java:39)
      	at sun.reflect.DelegatingMethodAccessorImpl.invoke(DelegatingMethodAccessorImpl.java:25)
      	at java.lang.reflect.Method.invoke(Method.java:597)
      	at org.springsource.loaded.ri.ReflectiveInterceptor.jlrMethodInvoke(ReflectiveInterceptor.java:1270)
      	at org.codehaus.groovy.reflection.CachedMethod.invoke(CachedMethod.java:90)
      	at groovy.lang.MetaMethod.doMethodInvoke(MetaMethod.java:324)
      	at groovy.lang.MetaClassImpl.invokeMethod(MetaClassImpl.java:1207)
      	at groovy.lang.ExpandoMetaClass.invokeMethod(ExpandoMetaClass.java:1110)
      	at groovy.lang.MetaClassImpl.invokeMethod(MetaClassImpl.java:1016)
      	at groovy.lang.Closure.call(Closure.java:423)
      	at groovy.lang.Closure.call(Closure.java:439)
      	at org.codehaus.groovy.runtime.DefaultGroovyMethods.each(DefaultGroovyMethods.java:1379)
      	at org.codehaus.groovy.runtime.DefaultGroovyMethods.each(DefaultGroovyMethods.java:1372)
      	at org.codehaus.groovy.runtime.dgm$149.invoke(Unknown Source)
      	at org.codehaus.groovy.runtime.callsite.PojoMetaMethodSite$PojoMetaMethodSiteNoUnwrapNoCoerce.invoke(PojoMetaMethodSite.java:271)
      	at org.codehaus.groovy.runtime.callsite.PojoMetaMethodSite.call(PojoMetaMethodSite.java:53)
      	at org.codehaus.groovy.runtime.callsite.CallSiteArray.defaultCall(CallSiteArray.java:45)
      	at org.codehaus.groovy.runtime.callsite.AbstractCallSite.call(AbstractCallSite.java:108)
      	at org.codehaus.groovy.runtime.callsite.AbstractCallSite.call(AbstractCallSite.java:116)
      	at grails.plugin.cucumber.Cucumber.run(Cucumber.groovy:58)
      	at grails.plugin.cucumber.Cucumber$run$1.call(Unknown Source)
      	at org.codehaus.groovy.runtime.callsite.CallSiteArray.defaultCall(CallSiteArray.java:45)
      	at org.codehaus.groovy.runtime.callsite.AbstractCallSite.call(AbstractCallSite.java:108)
      	at org.codehaus.groovy.runtime.callsite.AbstractCallSite.call(AbstractCallSite.java:116)
      	at grails.plugin.cucumber.CucumberTestType.runFeatures(CucumberTestType.groovy:153)
      	at grails.plugin.cucumber.CucumberTestType.this$3$runFeatures(CucumberTestType.groovy)
      	at grails.plugin.cucumber.CucumberTestType$this$3$runFeatures$9.callCurrent(Unknown Source)
      	at org.codehaus.groovy.runtime.callsite.CallSiteArray.defaultCallCurrent(CallSiteArray.java:49)
      	at org.codehaus.groovy.runtime.callsite.AbstractCallSite.callCurrent(AbstractCallSite.java:133)
      	at org.codehaus.groovy.runtime.callsite.AbstractCallSite.callCurrent(AbstractCallSite.java:141)
      	at grails.plugin.cucumber.CucumberTestType.doRun(CucumberTestType.groovy:57)
      	at org.codehaus.groovy.grails.test.support.GrailsTestTypeSupport.run(GrailsTestTypeSupport.groovy:121)
      	at org.codehaus.groovy.grails.test.runner.GrailsProjectTestRunner.runTests(GrailsProjectTestRunner.groovy:415)
      	at org.codehaus.groovy.grails.test.runner.GrailsProjectTestRunner.processTests(GrailsProjectTestRunner.groovy:395)
      	at sun.reflect.NativeMethodAccessorImpl.invoke0(Native Method)
      	at sun.reflect.NativeMethodAccessorImpl.invoke(NativeMethodAccessorImpl.java:39)
      	at sun.reflect.DelegatingMethodAccessorImpl.invoke(DelegatingMethodAccessorImpl.java:25)
      	at java.lang.reflect.Method.invoke(Method.java:597)
      	at org.springsource.loaded.ri.ReflectiveInterceptor.jlrMethodInvoke(ReflectiveInterceptor.java:1270)
      	at org.codehaus.groovy.reflection.CachedMethod.invoke(CachedMethod.java:90)
      	at groovy.lang.MetaMethod.doMethodInvoke(MetaMethod.java:324)
      	at groovy.lang.MetaClassImpl.invokeMethod(MetaClassImpl.java:1207)
      	at groovy.lang.ExpandoMetaClass.invokeMethod(ExpandoMetaClass.java:1110)
      	at groovy.lang.MetaClassImpl.invokeMethod(MetaClassImpl.java:1016)
      	at groovy.lang.MetaClassImpl.invokeMethod(MetaClassImpl.java:1152)
      	at groovy.lang.ExpandoMetaClass.invokeMethod(ExpandoMetaClass.java:1110)
      	at groovy.lang.MetaClassImpl.invokeMethod(MetaClassImpl.java:1016)
      	at org.codehaus.groovy.runtime.callsite.PogoMetaClassSite.callCurrent(PogoMetaClassSite.java:66)
      	at org.codehaus.groovy.runtime.callsite.CallSiteArray.defaultCallCurrent(CallSiteArray.java:49)
      	at org.codehaus.groovy.runtime.callsite.AbstractCallSite.callCurrent(AbstractCallSite.java:133)
      	at org.codehaus.groovy.runtime.callsite.AbstractCallSite.callCurrent(AbstractCallSite.java:141)
      	at org.codehaus.groovy.grails.test.runner.GrailsProjectTestRunner$_runAllTests_closure7.doCall(GrailsProjectTestRunner.groovy:313)
      	at sun.reflect.NativeMethodAccessorImpl.invoke0(Native Method)
      	at sun.reflect.NativeMethodAccessorImpl.invoke(NativeMethodAccessorImpl.java:39)
      	at sun.reflect.DelegatingMethodAccessorImpl.invoke(DelegatingMethodAccessorImpl.java:25)
      	at java.lang.reflect.Method.invoke(Method.java:597)
      	at org.springsource.loaded.ri.ReflectiveInterceptor.jlrMethodInvoke(ReflectiveInterceptor.java:1270)
      	at org.codehaus.groovy.reflection.CachedMethod.invoke(CachedMethod.java:90)
      	at groovy.lang.MetaMethod.doMethodInvoke(MetaMethod.java:324)
      	at groovy.lang.MetaClassImpl.invokeMethod(MetaClassImpl.java:1207)
      	at groovy.lang.ExpandoMetaClass.invokeMethod(ExpandoMetaClass.java:1110)
      	at groovy.lang.MetaClassImpl.invokeMethod(MetaClassImpl.java:1016)
      	at groovy.lang.Closure.call(Closure.java:423)
      	at org.codehaus.groovy.runtime.DefaultGroovyMethods.callClosureForMapEntry(DefaultGroovyMethods.java:4271)
      	at org.codehaus.groovy.runtime.DefaultGroovyMethods.each(DefaultGroovyMethods.java:1408)
      	at org.codehaus.groovy.runtime.dgm$151.invoke(Unknown Source)
      	at org.codehaus.groovy.runtime.callsite.PojoMetaMethodSite$PojoMetaMethodSiteNoUnwrapNoCoerce.invoke(PojoMetaMethodSite.java:271)
      	at org.codehaus.groovy.runtime.callsite.PojoMetaMethodSite.call(PojoMetaMethodSite.java:53)
      	at org.codehaus.groovy.runtime.callsite.CallSiteArray.defaultCall(CallSiteArray.java:45)
      	at org.codehaus.groovy.runtime.callsite.AbstractCallSite.call(AbstractCallSite.java:108)
      	at org.codehaus.groovy.runtime.callsite.AbstractCallSite.call(AbstractCallSite.java:116)
      	at org.codehaus.groovy.grails.test.runner.GrailsProjectTestRunner.runAllTests(GrailsProjectTestRunner.groovy:299)
      	at org.codehaus.groovy.grails.test.runner.GrailsProjectTestRunner.runAllTests(GrailsProjectTestRunner.groovy:214)
      	at org.codehaus.groovy.grails.test.runner.GrailsProjectTestRunner.runAllTests(GrailsProjectTestRunner.groovy)
      	at org.codehaus.groovy.grails.test.runner.GrailsProjectTestRunner$runAllTests$0.call(Unknown Source)
      	at org.codehaus.groovy.runtime.callsite.CallSiteArray.defaultCall(CallSiteArray.java:45)
      	at org.codehaus.groovy.runtime.callsite.AbstractCallSite.call(AbstractCallSite.java:108)
      	at org.codehaus.groovy.runtime.callsite.AbstractCallSite.call(AbstractCallSite.java:116)
      	at org.codehaus.groovy.grails.cli.fork.testing.ForkedGrailsTestRunner.runInstance(ForkedGrailsTestRunner.groovy:128)
      	at org.codehaus.groovy.grails.cli.fork.ForkedGrailsProjectClassExecutor.run(ForkedGrailsProjectClassExecutor.groovy:74)
      	at org.codehaus.groovy.grails.cli.fork.testing.ForkedGrailsTestRunner.main(ForkedGrailsTestRunner.groovy:75)


  Scenario: new book                               # NewBook.feature:6
    Given I open the book tracker                  # NewBookSteps.groovy:9
    When I add "Specification by Example"          # NewBookSteps.groovy:13
    Then I see "Specification by Example"s details # NewBookSteps.groovy:19
]]></system-out>

      <system-err><![CDATA[
--Output from new book--]]></system-err>

  </testsuite>
</testsuites>
